0 info it worked if it ends with ok
1 verbose cli [ 'C:\\Program Files\\nodejs\\node.exe',
1 verbose cli   'C:\\Program Files\\nodejs\\node_modules\\npm\\bin\\npm-cli.js',
1 verbose cli   'run',
1 verbose cli   'clean' ]
2 info using npm@3.10.10
3 info using node@v7.2.1
4 verbose run-script [ 'preclean', 'clean', 'postclean' ]
5 info lifecycle yiou-blog@0.0.0~preclean: yiou-blog@0.0.0
6 silly lifecycle yiou-blog@0.0.0~preclean: no script for preclean, continuing
7 info lifecycle yiou-blog@0.0.0~clean: yiou-blog@0.0.0
8 verbose lifecycle yiou-blog@0.0.0~clean: unsafe-perm in lifecycle true
9 verbose lifecycle yiou-blog@0.0.0~clean: PATH: C:\Program Files\nodejs\node_modules\npm\bin\node-gyp-bin;C:\Users\melon\Documents\Dev\FolioV4\node_modules\.bin;C:\Program Files\nodejs\node_modules\npm\bin\node-gyp-bin;C:\Users\melon\Documents\Dev\FolioV4\node_modules\.bin;C:\Program Files\ConEmu\ConEmu\Scripts;C:\ProgramData\Oracle\Java\javapath;C:\Program Files (x86)\Intel\iCLS Client\;C:\Program Files\Intel\iCLS Client\;C:\WINDOWS\system32;C:\WINDOWS;C:\WINDOWS\System32\Wbem;C:\WINDOWS\System32\WindowsPowerShell\v1.0\;C:\Program Files (x86)\Intel\Intel(R) Management Engine Components\DAL;C:\Program Files\Intel\Intel(R) Management Engine Components\DAL;C:\Program Files (x86)\Intel\Intel(R) Management Engine Components\IPT;C:\Program Files\Intel\Intel(R) Management Engine Components\IPT;C:\Program Files (x86)\GtkSharp\2.12\bin;C:\Program Files\Git\cmd;C:\Program Files\Git\mingw64\bin;C:\Program Files\Git\usr\bin;C:\Program Files\nodejs\;C:\Program Files (x86)\PharosSystems\Core;C:\Python27\;C:\Program Files (x86)\Windows Kits\8.1\Windows Performance Toolkit\;C:\Program Files (x86)\PuTTY\;C:\Python27\Scripts\;C:\hugo\bin\;C:\Program Files (x86)\OpenSSH\bin;C:\Go\bin;C:\ProgramData\chocolatey\bin;C:\gopath\bin;C:\Program Files\Dart\dart-sdk\bin;C:\HashiCorp\Vagrant\bin;C:\Gradle\gradle-4.3\bin;C:\Program Files\Intel\WiFi\bin\;C:\Program Files\Common Files\Intel\WirelessCommon\;C:\Program Files\ConEmu\ConEmu\Scripts;C:\Program Files\ConEmu;C:\Program Files\ConEmu\ConEmu;C:\ProgramData\Oracle\Java\javapath;C:\Program Files (x86)\Intel\iCLS Client\;C:\Program Files\Intel\iCLS Client\;C:\WINDOWS\system32;C:\WINDOWS;C:\WINDOWS\System32\Wbem;C:\WINDOWS\System32\WindowsPowerShell\v1.0\;C:\Program Files (x86)\Intel\Intel(R) Management Engine Components\DAL;C:\Program Files\Intel\Intel(R) Management Engine Components\DAL;C:\Program Files (x86)\Intel\Intel(R) Management Engine Components\IPT;C:\Program Files\Intel\Intel(R) Management Engine Components\IPT;c:\Program Files\Intel\WiFi\bin\;c:\Program Files\Common Files\Intel\WirelessCommon\;C:\Program Files (x86)\GtkSharp\2.12\bin;C:\Program Files\Git\cmd;C:\Program Files\Git\mingw64\bin;C:\Program Files\Git\usr\bin;C:\Program Files\nodejs\;C:\Program Files (x86)\PharosSystems\Core;C:\Python27\;C:\Program Files (x86)\Windows Kits\8.1\Windows Performance Toolkit\;C:\Program Files (x86)\PuTTY\;C:\Python27\Scripts\;C:\hugo\bin\;C:\Users\melon\flutter\bin;C:\Users\melon\AppData\Roaming\npm;C:\Program Files (x86)\Microsoft VS Code;C:\Program Files\Unity\Editor;C:\Program Files (x86)\Microsoft VS Code\bin;C:\Program Files (x86)\Google\Chrome\Application;%USERPROFILE%\AppData\Local\Microsoft\WindowsApps;
10 verbose lifecycle yiou-blog@0.0.0~clean: CWD: C:\Users\melon\Documents\Dev\FolioV4
11 silly lifecycle yiou-blog@0.0.0~clean: Args: [ '/d /s /c', 'rm -rf ./public' ]
12 silly lifecycle yiou-blog@0.0.0~clean: Returned: code: 1  signal: null
13 info lifecycle yiou-blog@0.0.0~clean: Failed to exec clean script
14 verbose stack Error: yiou-blog@0.0.0 clean: `rm -rf ./public`
14 verbose stack Exit status 1
14 verbose stack     at EventEmitter.<anonymous> (C:\Program Files\nodejs\node_modules\npm\lib\utils\lifecycle.js:255:16)
14 verbose stack     at emitTwo (events.js:106:13)
14 verbose stack     at EventEmitter.emit (events.js:191:7)
14 verbose stack     at ChildProcess.<anonymous> (C:\Program Files\nodejs\node_modules\npm\lib\utils\spawn.js:40:14)
14 verbose stack     at emitTwo (events.js:106:13)
14 verbose stack     at ChildProcess.emit (events.js:191:7)
14 verbose stack     at maybeClose (internal/child_process.js:885:16)
14 verbose stack     at Process.ChildProcess._handle.onexit (internal/child_process.js:226:5)
15 verbose pkgid yiou-blog@0.0.0
16 verbose cwd C:\Users\melon\Documents\Dev\FolioV4
17 error Windows_NT 10.0.16299
18 error argv "C:\\Program Files\\nodejs\\node.exe" "C:\\Program Files\\nodejs\\node_modules\\npm\\bin\\npm-cli.js" "run" "clean"
19 error node v7.2.1
20 error npm  v3.10.10
21 error code ELIFECYCLE
22 error yiou-blog@0.0.0 clean: `rm -rf ./public`
22 error Exit status 1
23 error Failed at the yiou-blog@0.0.0 clean script 'rm -rf ./public'.
23 error Make sure you have the latest version of node.js and npm installed.
23 error If you do, this is most likely a problem with the yiou-blog package,
23 error not with npm itself.
23 error Tell the author that this fails on your system:
23 error     rm -rf ./public
23 error You can get information on how to open an issue for this project with:
23 error     npm bugs yiou-blog
23 error Or if that isn't available, you can get their info via:
23 error     npm owner ls yiou-blog
23 error There is likely additional logging output above.
24 verbose exit [ 1, true ]
